# JRE version: Java(TM) SE Runtime Environment (14.0.2+12) (build 14.0.2+12-46)
# Java VM: Java HotSpot(TM) 64-Bit Server VM (14.0.2+12-46, mixed mode, sharing, tiered, compressed oops, g1 gc, windows-amd64)
Heap:
 garbage-first heap   total 51200K, used 40163K [0x00000000c8c00000, 0x0000000100000000)
  region size 1024K, 17 young (17408K), 2 survivors (2048K)
 Metaspace       used 65484K, capacity 66987K, committed 67072K, reserved 1107968K
  class space    used 8105K, capacity 8655K, committed 8704K, reserved 1048576K
GC Heap History (20 events):
Event: 23.645 GC heap before
{Heap before GC invocations=24 (full 0):
 garbage-first heap   total 40960K, used 34040K [0x00000000c8c00000, 0x0000000100000000)
  region size 1024K, 14 young (14336K), 1 survivors (1024K)
 Metaspace       used 48000K, capacity 49117K, committed 49408K, reserved 1091584K
  class space    used 6395K, capacity 6829K, committed 6912K, reserved 1048576K
}
Event: 23.649 GC heap after
{Heap after GC invocations=25 (full 0):
 garbage-first heap   total 40960K, used 21815K [0x00000000c8c00000, 0x0000000100000000)
  region size 1024K, 2 young (2048K), 2 survivors (2048K)
 Metaspace       used 48000K, capacity 49117K, committed 49408K, reserved 1091584K
  class space    used 6395K, capacity 6829K, committed 6912K, reserved 1048576K
}
Event: 23.988 GC heap before
{Heap before GC invocations=25 (full 0):
 garbage-first heap   total 40960K, used 32055K [0x00000000c8c00000, 0x0000000100000000)
  region size 1024K, 13 young (13312K), 2 survivors (2048K)
 Metaspace       used 49321K, capacity 50473K, committed 50560K, reserved 1093632K
  class space    used 6572K, capacity 7020K, committed 7040K, reserved 1048576K
}
Event: 23.993 GC heap after
{Heap after GC invocations=26 (full 0):
 garbage-first heap   total 40960K, used 22981K [0x00000000c8c00000, 0x0000000100000000)
  region size 1024K, 2 young (2048K), 2 survivors (2048K)
 Metaspace       used 49321K, capacity 50473K, committed 50560K, reserved 1093632K
  class space    used 6572K, capacity 7020K, committed 7040K, reserved 1048576K
}
Event: 24.481 GC heap before
{Heap before GC invocations=27 (full 0):
 garbage-first heap   total 43008K, used 33221K [0x00000000c8c00000, 0x0000000100000000)
  region size 1024K, 12 young (12288K), 2 survivors (2048K)
 Metaspace       used 51054K, capacity 52289K, committed 52352K, reserved 1093632K
  class space    used 6766K, capacity 7263K, committed 7296K, reserved 1048576K
}
Event: 24.484 GC heap after
{Heap after GC invocations=28 (full 0):
 garbage-first heap   total 43008K, used 23714K [0x00000000c8c00000, 0x0000000100000000)
  region size 1024K, 1 young (1024K), 1 survivors (1024K)
 Metaspace       used 51054K, capacity 52289K, committed 52352K, reserved 1093632K
  class space    used 6766K, capacity 7263K, committed 7296K, reserved 1048576K
}
Event: 25.373 GC heap before
{Heap before GC invocations=28 (full 0):
 garbage-first heap   total 43008K, used 33954K [0x00000000c8c00000, 0x0000000100000000)
  region size 1024K, 11 young (11264K), 1 survivors (1024K)
 Metaspace       used 51882K, capacity 53214K, committed 53376K, reserved 1095680K
  class space    used 6899K, capacity 7441K, committed 7552K, reserved 1048576K
}
Event: 25.376 GC heap after
{Heap after GC invocations=29 (full 0):
 garbage-first heap   total 43008K, used 24131K [0x00000000c8c00000, 0x0000000100000000)
  region size 1024K, 2 young (2048K), 2 survivors (2048K)
 Metaspace       used 51882K, capacity 53214K, committed 53376K, reserved 1095680K
  class space    used 6899K, capacity 7441K, committed 7552K, reserved 1048576K
}
Event: 26.073 GC heap before
{Heap before GC invocations=30 (full 0):
 garbage-first heap   total 45056K, used 34371K [0x00000000c8c00000, 0x0000000100000000)
  region size 1024K, 12 young (12288K), 2 survivors (2048K)
 Metaspace       used 52985K, capacity 54380K, committed 54528K, reserved 1095680K
  class space    used 7043K, capacity 7595K, committed 7680K, reserved 1048576K
}
Event: 26.076 GC heap after
{Heap after GC invocations=31 (full 0):
 garbage-first heap   total 45056K, used 24737K [0x00000000c8c00000, 0x0000000100000000)
  region size 1024K, 2 young (2048K), 2 survivors (2048K)
 Metaspace       used 52985K, capacity 54380K, committed 54528K, reserved 1095680K
  class space    used 7043K, capacity 7595K, committed 7680K, reserved 1048576K
}
Event: 40.570 GC heap before
{Heap before GC invocations=31 (full 0):
 garbage-first heap   total 45056K, used 34977K [0x00000000c8c00000, 0x0000000100000000)
  region size 1024K, 12 young (12288K), 2 survivors (2048K)
 Metaspace       used 54280K, capacity 55708K, committed 55936K, reserved 1097728K
  class space    used 7180K, capacity 7736K, committed 7808K, reserved 1048576K
}
Event: 40.574 GC heap after
{Heap after GC invocations=32 (full 0):
 garbage-first heap   total 45056K, used 24993K [0x00000000c8c00000, 0x0000000100000000)
  region size 1024K, 2 young (2048K), 2 survivors (2048K)
 Metaspace       used 54280K, capacity 55708K, committed 55936K, reserved 1097728K
  class space    used 7180K, capacity 7736K, committed 7808K, reserved 1048576K
}
Event: 41.419 GC heap before
{Heap before GC invocations=33 (full 0):
 garbage-first heap   total 48128K, used 35233K [0x00000000c8c00000, 0x0000000100000000)
  region size 1024K, 13 young (13312K), 2 survivors (2048K)
 Metaspace       used 56859K, capacity 58329K, committed 58496K, reserved 1099776K
  class space    used 7459K, capacity 8009K, committed 8064K, reserved 1048576K
}
Event: 41.422 GC heap after
{Heap after GC invocations=34 (full 0):
 garbage-first heap   total 48128K, used 25616K [0x00000000c8c00000, 0x0000000100000000)
  region size 1024K, 2 young (2048K), 2 survivors (2048K)
 Metaspace       used 56859K, capacity 58329K, committed 58496K, reserved 1099776K
  class space    used 7459K, capacity 8009K, committed 8064K, reserved 1048576K
}
Event: 42.013 GC heap before
{Heap before GC invocations=34 (full 0):
 garbage-first heap   total 48128K, used 37904K [0x00000000c8c00000, 0x0000000100000000)
  region size 1024K, 15 young (15360K), 2 survivors (2048K)
 Metaspace       used 59424K, capacity 60892K, committed 61056K, reserved 1101824K
  class space    used 7641K, capacity 8202K, committed 8320K, reserved 1048576K
}
Event: 42.018 GC heap after
{Heap after GC invocations=35 (full 0):
 garbage-first heap   total 48128K, used 26511K [0x00000000c8c00000, 0x0000000100000000)
  region size 1024K, 2 young (2048K), 2 survivors (2048K)
 Metaspace       used 59424K, capacity 60892K, committed 61056K, reserved 1101824K
  class space    used 7641K, capacity 8202K, committed 8320K, reserved 1048576K
}
Event: 42.303 GC heap before
{Heap before GC invocations=36 (full 0):
 garbage-first heap   total 51200K, used 37775K [0x00000000c8c00000, 0x0000000100000000)
  region size 1024K, 14 young (14336K), 2 survivors (2048K)
 Metaspace       used 62292K, capacity 63772K, committed 64128K, reserved 1105920K
  class space    used 7896K, capacity 8458K, committed 8576K, reserved 1048576K
}
Event: 42.306 GC heap after
{Heap after GC invocations=37 (full 0):
 garbage-first heap   total 51200K, used 27154K [0x00000000c8c00000, 0x0000000100000000)
  region size 1024K, 2 young (2048K), 2 survivors (2048K)
 Metaspace       used 62292K, capacity 63772K, committed 64128K, reserved 1105920K
  class space    used 7896K, capacity 8458K, committed 8576K, reserved 1048576K
}
Event: 43.241 GC heap before
{Heap before GC invocations=37 (full 0):
 garbage-first heap   total 51200K, used 41490K [0x00000000c8c00000, 0x0000000100000000)
  region size 1024K, 17 young (17408K), 2 survivors (2048K)
 Metaspace       used 65041K, capacity 66501K, committed 66816K, reserved 1107968K
  class space    used 8073K, capacity 8621K, committed 8704K, reserved 1048576K
}
Event: 43.244 GC heap after
{Heap after GC invocations=38 (full 0):
 garbage-first heap   total 51200K, used 26851K [0x00000000c8c00000, 0x0000000100000000)
  region size 1024K, 2 young (2048K), 2 survivors (2048K)
 Metaspace       used 65041K, capacity 66501K, committed 66816K, reserved 1107968K
  class space    used 8073K, capacity 8621K, committed 8704K, reserved 1048576K
}

