# JRE version: Java(TM) SE Runtime Environment (14.0.2+12) (build 14.0.2+12-46)
# Java VM: Java HotSpot(TM) 64-Bit Server VM (14.0.2+12-46, mixed mode, sharing, tiered, compressed oops, g1 gc, windows-amd64)
Heap:
 garbage-first heap   total 57344K, used 21586K [0x00000000c8c00000, 0x0000000100000000)
  region size 1024K, 18 young (18432K), 3 survivors (3072K)
 Metaspace       used 15051K, capacity 15769K, committed 16000K, reserved 1062912K
  class space    used 1889K, capacity 2091K, committed 2176K, reserved 1048576K
GC Heap History (8 events):
Event: 1.038 GC heap before
{Heap before GC invocations=0 (full 0):
 garbage-first heap   total 57344K, used 14336K [0x00000000c8c00000, 0x0000000100000000)
  region size 1024K, 13 young (13312K), 0 survivors (0K)
 Metaspace       used 2279K, capacity 5416K, committed 5632K, reserved 1056768K
  class space    used 220K, capacity 509K, committed 512K, reserved 1048576K
}
Event: 1.043 GC heap after
{Heap after GC invocations=1 (full 0):
 garbage-first heap   total 57344K, used 6094K [0x00000000c8c00000, 0x0000000100000000)
  region size 1024K, 2 young (2048K), 2 survivors (2048K)
 Metaspace       used 2279K, capacity 5416K, committed 5632K, reserved 1056768K
  class space    used 220K, capacity 509K, committed 512K, reserved 1048576K
}
Event: 1.592 GC heap before
{Heap before GC invocations=1 (full 0):
 garbage-first heap   total 57344K, used 17358K [0x00000000c8c00000, 0x0000000100000000)
  region size 1024K, 13 young (13312K), 2 survivors (2048K)
 Metaspace       used 4781K, capacity 7006K, committed 7296K, reserved 1056768K
  class space    used 548K, capacity 769K, committed 896K, reserved 1048576K
}
Event: 1.597 GC heap after
{Heap after GC invocations=2 (full 0):
 garbage-first heap   total 57344K, used 6748K [0x00000000c8c00000, 0x0000000100000000)
  region size 1024K, 1 young (1024K), 1 survivors (1024K)
 Metaspace       used 4781K, capacity 7006K, committed 7296K, reserved 1056768K
  class space    used 548K, capacity 769K, committed 896K, reserved 1048576K
}
Event: 2.521 GC heap before
{Heap before GC invocations=2 (full 0):
 garbage-first heap   total 57344K, used 24156K [0x00000000c8c00000, 0x0000000100000000)
  region size 1024K, 18 young (18432K), 1 survivors (1024K)
 Metaspace       used 7830K, capacity 9328K, committed 9472K, reserved 1056768K
  class space    used 1016K, capacity 1214K, committed 1280K, reserved 1048576K
}
Event: 2.525 GC heap after
{Heap after GC invocations=3 (full 0):
 garbage-first heap   total 57344K, used 7491K [0x00000000c8c00000, 0x0000000100000000)
  region size 1024K, 2 young (2048K), 2 survivors (2048K)
 Metaspace       used 7830K, capacity 9328K, committed 9472K, reserved 1056768K
  class space    used 1016K, capacity 1214K, committed 1280K, reserved 1048576K
}
Event: 3.187 GC heap before
{Heap before GC invocations=3 (full 0):
 garbage-first heap   total 57344K, used 35139K [0x00000000c8c00000, 0x0000000100000000)
  region size 1024K, 29 young (29696K), 2 survivors (2048K)
 Metaspace       used 12814K, capacity 13753K, committed 13824K, reserved 1060864K
  class space    used 1584K, capacity 1753K, committed 1792K, reserved 1048576K
}
Event: 3.190 GC heap after
{Heap after GC invocations=4 (full 0):
 garbage-first heap   total 57344K, used 8274K [0x00000000c8c00000, 0x0000000100000000)
  region size 1024K, 3 young (3072K), 3 survivors (3072K)
 Metaspace       used 12814K, capacity 13753K, committed 13824K, reserved 1060864K
  class space    used 1584K, capacity 1753K, committed 1792K, reserved 1048576K
}

