# JRE version: Java(TM) SE Runtime Environment (14.0.2+12) (build 14.0.2+12-46)
# Java VM: Java HotSpot(TM) 64-Bit Server VM (14.0.2+12-46, mixed mode, sharing, tiered, compressed oops, g1 gc, windows-amd64)
Heap:
 garbage-first heap   total 53248K, used 31935K [0x00000000c8c00000, 0x0000000100000000)
  region size 1024K, 5 young (5120K), 2 survivors (2048K)
 Metaspace       used 68856K, capacity 70692K, committed 70784K, reserved 1112064K
  class space    used 8401K, capacity 9007K, committed 9088K, reserved 1048576K
GC Heap History (20 events):
Event: 24.358 GC heap before
{Heap before GC invocations=30 (full 0):
 garbage-first heap   total 48128K, used 35672K [0x00000000c8c00000, 0x0000000100000000)
  region size 1024K, 13 young (13312K), 2 survivors (2048K)
 Metaspace       used 57820K, capacity 59260K, committed 59392K, reserved 1099776K
  class space    used 7552K, capacity 8106K, committed 8192K, reserved 1048576K
}
Event: 24.361 GC heap after
{Heap after GC invocations=31 (full 0):
 garbage-first heap   total 48128K, used 26310K [0x00000000c8c00000, 0x0000000100000000)
  region size 1024K, 2 young (2048K), 2 survivors (2048K)
 Metaspace       used 57820K, capacity 59260K, committed 59392K, reserved 1099776K
  class space    used 7552K, capacity 8106K, committed 8192K, reserved 1048576K
}
Event: 25.142 GC heap before
{Heap before GC invocations=31 (full 0):
 garbage-first heap   total 48128K, used 38598K [0x00000000c8c00000, 0x0000000100000000)
  region size 1024K, 15 young (15360K), 2 survivors (2048K)
 Metaspace       used 60736K, capacity 62140K, committed 62336K, reserved 1103872K
  class space    used 7739K, capacity 8298K, committed 8320K, reserved 1048576K
}
Event: 25.146 GC heap after
{Heap after GC invocations=32 (full 0):
 garbage-first heap   total 48128K, used 26727K [0x00000000c8c00000, 0x0000000100000000)
  region size 1024K, 2 young (2048K), 2 survivors (2048K)
 Metaspace       used 60736K, capacity 62140K, committed 62336K, reserved 1103872K
  class space    used 7739K, capacity 8298K, committed 8320K, reserved 1048576K
}
Event: 26.204 GC heap before
{Heap before GC invocations=33 (full 0):
 garbage-first heap   total 48128K, used 37991K [0x00000000c8c00000, 0x0000000100000000)
  region size 1024K, 14 young (14336K), 2 survivors (2048K)
 Metaspace       used 63257K, capacity 64735K, committed 64896K, reserved 1105920K
  class space    used 7967K, capacity 8523K, committed 8576K, reserved 1048576K
}
Event: 26.207 GC heap after
{Heap after GC invocations=34 (full 0):
 garbage-first heap   total 48128K, used 27892K [0x00000000c8c00000, 0x0000000100000000)
  region size 1024K, 2 young (2048K), 2 survivors (2048K)
 Metaspace       used 63257K, capacity 64735K, committed 64896K, reserved 1105920K
  class space    used 7967K, capacity 8523K, committed 8576K, reserved 1048576K
}
Event: 27.441 GC heap before
{Heap before GC invocations=34 (full 0):
 garbage-first heap   total 48128K, used 38132K [0x00000000c8c00000, 0x0000000100000000)
  region size 1024K, 13 young (13312K), 2 survivors (2048K)
 Metaspace       used 65093K, capacity 66661K, committed 66816K, reserved 1107968K
  class space    used 8078K, capacity 8653K, committed 8704K, reserved 1048576K
}
Event: 27.447 GC heap after
{Heap after GC invocations=35 (full 0):
 garbage-first heap   total 48128K, used 27607K [0x00000000c8c00000, 0x0000000100000000)
  region size 1024K, 1 young (1024K), 1 survivors (1024K)
 Metaspace       used 65093K, capacity 66661K, committed 66816K, reserved 1107968K
  class space    used 8078K, capacity 8653K, committed 8704K, reserved 1048576K
}
Event: 28.259 GC heap before
{Heap before GC invocations=36 (full 0):
 garbage-first heap   total 50176K, used 37847K [0x00000000c8c00000, 0x0000000100000000)
  region size 1024K, 12 young (12288K), 1 survivors (1024K)
 Metaspace       used 65368K, capacity 66859K, committed 67072K, reserved 1107968K
  class space    used 8106K, capacity 8655K, committed 8704K, reserved 1048576K
}
Event: 28.264 GC heap after
{Heap after GC invocations=37 (full 0):
 garbage-first heap   total 50176K, used 28863K [0x00000000c8c00000, 0x0000000100000000)
  region size 1024K, 2 young (2048K), 2 survivors (2048K)
 Metaspace       used 65368K, capacity 66859K, committed 67072K, reserved 1107968K
  class space    used 8106K, capacity 8655K, committed 8704K, reserved 1048576K
}
Event: 29.515 GC heap before
{Heap before GC invocations=37 (full 0):
 garbage-first heap   total 50176K, used 41151K [0x00000000c8c00000, 0x0000000100000000)
  region size 1024K, 14 young (14336K), 2 survivors (2048K)
 Metaspace       used 66048K, capacity 67566K, committed 67584K, reserved 1107968K
  class space    used 8151K, capacity 8695K, committed 8704K, reserved 1048576K
}
Event: 29.518 GC heap after
{Heap after GC invocations=38 (full 0):
 garbage-first heap   total 50176K, used 27961K [0x00000000c8c00000, 0x0000000100000000)
  region size 1024K, 1 young (1024K), 1 survivors (1024K)
 Metaspace       used 66048K, capacity 67566K, committed 67584K, reserved 1107968K
  class space    used 8151K, capacity 8695K, committed 8704K, reserved 1048576K
}
Event: 39.305 GC heap before
{Heap before GC invocations=39 (full 0):
 garbage-first heap   total 51200K, used 39225K [0x00000000c8c00000, 0x0000000100000000)
  region size 1024K, 13 young (13312K), 1 survivors (1024K)
 Metaspace       used 66799K, capacity 68292K, committed 68480K, reserved 1110016K
  class space    used 8218K, capacity 8766K, committed 8832K, reserved 1048576K
}
Event: 39.308 GC heap after
{Heap after GC invocations=40 (full 0):
 garbage-first heap   total 51200K, used 28796K [0x00000000c8c00000, 0x0000000100000000)
  region size 1024K, 2 young (2048K), 2 survivors (2048K)
 Metaspace       used 66799K, capacity 68292K, committed 68480K, reserved 1110016K
  class space    used 8218K, capacity 8766K, committed 8832K, reserved 1048576K
}
Event: 67.923 GC heap before
{Heap before GC invocations=40 (full 0):
 garbage-first heap   total 51200K, used 40060K [0x00000000c8c00000, 0x0000000100000000)
  region size 1024K, 14 young (14336K), 2 survivors (2048K)
 Metaspace       used 67935K, capacity 69617K, committed 69888K, reserved 1110016K
  class space    used 8350K, capacity 8930K, committed 8960K, reserved 1048576K
}
Event: 67.925 GC heap after
{Heap after GC invocations=41 (full 0):
 garbage-first heap   total 51200K, used 28607K [0x00000000c8c00000, 0x0000000100000000)
  region size 1024K, 1 young (1024K), 1 survivors (1024K)
 Metaspace       used 67935K, capacity 69617K, committed 69888K, reserved 1110016K
  class space    used 8350K, capacity 8930K, committed 8960K, reserved 1048576K
}
Event: 121.595 GC heap before
{Heap before GC invocations=42 (full 0):
 garbage-first heap   total 51200K, used 40895K [0x00000000c8c00000, 0x0000000100000000)
  region size 1024K, 14 young (14336K), 1 survivors (1024K)
 Metaspace       used 68385K, capacity 70108K, committed 70272K, reserved 1110016K
  class space    used 8384K, capacity 8965K, committed 9088K, reserved 1048576K
}
Event: 121.597 GC heap after
{Heap after GC invocations=43 (full 0):
 garbage-first heap   total 51200K, used 28813K [0x00000000c8c00000, 0x0000000100000000)
  region size 1024K, 1 young (1024K), 1 survivors (1024K)
 Metaspace       used 68385K, capacity 70108K, committed 70272K, reserved 1110016K
  class space    used 8384K, capacity 8965K, committed 9088K, reserved 1048576K
}
Event: 128.095 GC heap before
{Heap before GC invocations=43 (full 0):
 garbage-first heap   total 51200K, used 41101K [0x00000000c8c00000, 0x0000000100000000)
  region size 1024K, 14 young (14336K), 1 survivors (1024K)
 Metaspace       used 68701K, capacity 70446K, committed 70784K, reserved 1112064K
  class space    used 8391K, capacity 8968K, committed 9088K, reserved 1048576K
}
Event: 128.100 GC heap after
{Heap after GC invocations=44 (full 0):
 garbage-first heap   total 51200K, used 29887K [0x00000000c8c00000, 0x0000000100000000)
  region size 1024K, 2 young (2048K), 2 survivors (2048K)
 Metaspace       used 68701K, capacity 70446K, committed 70784K, reserved 1112064K
  class space    used 8391K, capacity 8968K, committed 9088K, reserved 1048576K
}

