# JRE version: Java(TM) SE Runtime Environment (14.0.2+12) (build 14.0.2+12-46)
# Java VM: Java HotSpot(TM) 64-Bit Server VM (14.0.2+12-46, mixed mode, sharing, tiered, compressed oops, g1 gc, windows-amd64)
Heap:
 garbage-first heap   total 54272K, used 41918K [0x00000000c8c00000, 0x0000000100000000)
  region size 1024K, 16 young (16384K), 2 survivors (2048K)
 Metaspace       used 67457K, capacity 69048K, committed 69204K, reserved 1110016K
  class space    used 8266K, capacity 8824K, committed 8860K, reserved 1048576K
GC Heap History (20 events):
Event: 12.188 GC heap before
{Heap before GC invocations=18 (full 0):
 garbage-first heap   total 54272K, used 41657K [0x00000000c8c00000, 0x0000000100000000)
  region size 1024K, 24 young (24576K), 3 survivors (3072K)
 Metaspace       used 46678K, capacity 47815K, committed 47952K, reserved 1091584K
  class space    used 6200K, capacity 6633K, committed 6736K, reserved 1048576K
}
Event: 12.192 GC heap after
{Heap after GC invocations=19 (full 0):
 garbage-first heap   total 54272K, used 20925K [0x00000000c8c00000, 0x0000000100000000)
  region size 1024K, 2 young (2048K), 2 survivors (2048K)
 Metaspace       used 46678K, capacity 47815K, committed 47952K, reserved 1091584K
  class space    used 6200K, capacity 6633K, committed 6736K, reserved 1048576K
}
Event: 12.803 GC heap before
{Heap before GC invocations=19 (full 0):
 garbage-first heap   total 54272K, used 42429K [0x00000000c8c00000, 0x0000000100000000)
  region size 1024K, 23 young (23552K), 2 survivors (2048K)
 Metaspace       used 48875K, capacity 50072K, committed 50256K, reserved 1093632K
  class space    used 6500K, capacity 6953K, committed 6992K, reserved 1048576K
}
Event: 12.808 GC heap after
{Heap after GC invocations=20 (full 0):
 garbage-first heap   total 54272K, used 22361K [0x00000000c8c00000, 0x0000000100000000)
  region size 1024K, 3 young (3072K), 3 survivors (3072K)
 Metaspace       used 48875K, capacity 50072K, committed 50256K, reserved 1093632K
  class space    used 6500K, capacity 6953K, committed 6992K, reserved 1048576K
}
Event: 13.369 GC heap before
{Heap before GC invocations=20 (full 0):
 garbage-first heap   total 54272K, used 41817K [0x00000000c8c00000, 0x0000000100000000)
  region size 1024K, 22 young (22528K), 3 survivors (3072K)
 Metaspace       used 51312K, capacity 52594K, committed 52944K, reserved 1095680K
  class space    used 6787K, capacity 7279K, committed 7376K, reserved 1048576K
}
Event: 13.378 GC heap after
{Heap after GC invocations=21 (full 0):
 garbage-first heap   total 54272K, used 23913K [0x00000000c8c00000, 0x0000000100000000)
  region size 1024K, 2 young (2048K), 2 survivors (2048K)
 Metaspace       used 51312K, capacity 52594K, committed 52944K, reserved 1095680K
  class space    used 6787K, capacity 7279K, committed 7376K, reserved 1048576K
}
Event: 13.881 GC heap before
{Heap before GC invocations=21 (full 0):
 garbage-first heap   total 54272K, used 43369K [0x00000000c8c00000, 0x0000000100000000)
  region size 1024K, 21 young (21504K), 2 survivors (2048K)
 Metaspace       used 53145K, capacity 54577K, committed 54736K, reserved 1095680K
  class space    used 7042K, capacity 7595K, committed 7632K, reserved 1048576K
}
Event: 13.885 GC heap after
{Heap after GC invocations=22 (full 0):
 garbage-first heap   total 54272K, used 24655K [0x00000000c8c00000, 0x0000000100000000)
  region size 1024K, 3 young (3072K), 3 survivors (3072K)
 Metaspace       used 53145K, capacity 54577K, committed 54736K, reserved 1095680K
  class space    used 7042K, capacity 7595K, committed 7632K, reserved 1048576K
}
Event: 31.172 GC heap before
{Heap before GC invocations=22 (full 0):
 garbage-first heap   total 54272K, used 42063K [0x00000000c8c00000, 0x0000000100000000)
  region size 1024K, 21 young (21504K), 3 survivors (3072K)
 Metaspace       used 56469K, capacity 57880K, committed 58192K, reserved 1099776K
  class space    used 7357K, capacity 7903K, committed 8016K, reserved 1048576K
}
Event: 31.177 GC heap after
{Heap after GC invocations=23 (full 0):
 garbage-first heap   total 54272K, used 25645K [0x00000000c8c00000, 0x0000000100000000)
  region size 1024K, 2 young (2048K), 2 survivors (2048K)
 Metaspace       used 56469K, capacity 57880K, committed 58192K, reserved 1099776K
  class space    used 7357K, capacity 7903K, committed 8016K, reserved 1048576K
}
Event: 31.380 GC heap before
{Heap before GC invocations=23 (full 0):
 garbage-first heap   total 54272K, used 32813K [0x00000000c8c00000, 0x0000000100000000)
  region size 1024K, 11 young (11264K), 2 survivors (2048K)
 Metaspace       used 58761K, capacity 60184K, committed 60296K, reserved 1101824K
  class space    used 7540K, capacity 8095K, committed 8144K, reserved 1048576K
}
Event: 31.384 GC heap after
{Heap after GC invocations=24 (full 0):
 garbage-first heap   total 54272K, used 25802K [0x00000000c8c00000, 0x0000000100000000)
  region size 1024K, 2 young (2048K), 2 survivors (2048K)
 Metaspace       used 58761K, capacity 60184K, committed 60296K, reserved 1101824K
  class space    used 7540K, capacity 8095K, committed 8144K, reserved 1048576K
}
Event: 32.259 GC heap before
{Heap before GC invocations=25 (full 0):
 garbage-first heap   total 54272K, used 44234K [0x00000000c8c00000, 0x0000000100000000)
  region size 1024K, 20 young (20480K), 2 survivors (2048K)
 Metaspace       used 62172K, capacity 63657K, committed 63956K, reserved 1105920K
  class space    used 7863K, capacity 8419K, committed 8476K, reserved 1048576K
}
Event: 32.262 GC heap after
{Heap after GC invocations=26 (full 0):
 garbage-first heap   total 54272K, used 26321K [0x00000000c8c00000, 0x0000000100000000)
  region size 1024K, 2 young (2048K), 2 survivors (2048K)
 Metaspace       used 62172K, capacity 63657K, committed 63956K, reserved 1105920K
  class space    used 7863K, capacity 8419K, committed 8476K, reserved 1048576K
}
Event: 33.157 GC heap before
{Heap before GC invocations=27 (full 0):
 garbage-first heap   total 54272K, used 43729K [0x00000000c8c00000, 0x0000000100000000)
  region size 1024K, 20 young (20480K), 2 survivors (2048K)
 Metaspace       used 64845K, capacity 66381K, committed 66644K, reserved 1107968K
  class space    used 8119K, capacity 8707K, committed 8860K, reserved 1048576K
}
Event: 33.162 GC heap after
{Heap after GC invocations=28 (full 0):
 garbage-first heap   total 54272K, used 27970K [0x00000000c8c00000, 0x0000000100000000)
  region size 1024K, 3 young (3072K), 3 survivors (3072K)
 Metaspace       used 64845K, capacity 66381K, committed 66644K, reserved 1107968K
  class space    used 8119K, capacity 8707K, committed 8860K, reserved 1048576K
}
Event: 34.978 GC heap before
{Heap before GC invocations=28 (full 0):
 garbage-first heap   total 54272K, used 44354K [0x00000000c8c00000, 0x0000000100000000)
  region size 1024K, 19 young (19456K), 3 survivors (3072K)
 Metaspace       used 65796K, capacity 67318K, committed 67668K, reserved 1107968K
  class space    used 8158K, capacity 8742K, committed 8860K, reserved 1048576K
}
Event: 34.983 GC heap after
{Heap after GC invocations=29 (full 0):
 garbage-first heap   total 54272K, used 27985K [0x00000000c8c00000, 0x0000000100000000)
  region size 1024K, 2 young (2048K), 2 survivors (2048K)
 Metaspace       used 65796K, capacity 67318K, committed 67668K, reserved 1107968K
  class space    used 8158K, capacity 8742K, committed 8860K, reserved 1048576K
}
Event: 36.790 GC heap before
{Heap before GC invocations=30 (full 0):
 garbage-first heap   total 54272K, used 43345K [0x00000000c8c00000, 0x0000000100000000)
  region size 1024K, 17 young (17408K), 2 survivors (2048K)
 Metaspace       used 66291K, capacity 67863K, committed 68180K, reserved 1107968K
  class space    used 8191K, capacity 8752K, committed 8860K, reserved 1048576K
}
Event: 36.794 GC heap after
{Heap after GC invocations=31 (full 0):
 garbage-first heap   total 54272K, used 28606K [0x00000000c8c00000, 0x0000000100000000)
  region size 1024K, 2 young (2048K), 2 survivors (2048K)
 Metaspace       used 66291K, capacity 67863K, committed 68180K, reserved 1107968K
  class space    used 8191K, capacity 8752K, committed 8860K, reserved 1048576K
}

